Wed 13:43: PROGRESS: MaxCompiler version: 2019.2
Wed 13:43: PROGRESS: Build "WavePropagation" start time: Wed Jul 29 13:43:42 UTC 2020
Wed 13:43: PROGRESS: Main build process running as user maxeler on host MaxCompilerVMTemplate.myguest.virtualbox.org
Wed 13:43: INFO    : Loading build properties from bundled MaxCompiler_build.conf...
Wed 13:43: INFO    : No bundled MaxCompiler_build.conf found.
Wed 13:43: INFO    : No default external build property file has been specified.
Wed 13:43: INFO    : (Set environment variable MAXCOMPILER_DEFAULT_CONF_FILE to assign one)
Wed 13:43: INFO    : User build properties not found in file: /home/maxeler/.MaxCompiler_build_user.conf
Wed 13:43: INFO    : No user-specified external build property file has been specified.
Wed 13:43: INFO    : (Set environment variable MAXCOMPILER_BUILD_CONF_FILE to assign one)
Wed 13:43: INFO    : Loading additional parameters from MAXCOMPILER_BUILD_CONF environment variable
Wed 13:43: INFO    : Appending build directory location to '/home/maxeler/wave_propagation/wave-propagation-DFE/.maxdc_builds_WavePropagation'
Wed 13:43: PROGRESS: Build location: /home/maxeler/wave_propagation/wave-propagation-DFE/builds/WavePropagation/WavePropagation_MAX5C_DFE_SIM
Wed 13:43: PROGRESS: Detailed build log available in "_build.log"
Wed 13:43: INFO    : Created build manager WavePropagation (WavePropagation_MAX5C_DFE_SIM Wed Jul 29 13:43:42 UTC 2020). (13:43:43 29/07/20)
Wed 13:43: INFO    : Working in dir: builds/WavePropagation/WavePropagation_MAX5C_DFE_SIM
Wed 13:43: INFO    : Java class path (4 paths):
Wed 13:43: INFO    : 	/home/maxeler/wave_propagation/wave-propagation-DFE/bin
Wed 13:43: INFO    : 	/opt/maxeler/maxcompiler/lib/Max5Platform.jar
Wed 13:43: INFO    : 	/opt/maxeler/maxcompiler/lib/Max4Platform.jar
Wed 13:43: INFO    : 	/opt/maxeler/maxcompiler/lib/MaxCompiler.jar
Wed 13:43: INFO    : Java process started by 'main' method in class 'wavepropagation.WavePropagationManagerMAX5C'.
Wed 13:43: INFO    : build.arbitrated_core_cache parameter is not set, not using core-cache.
Wed 13:43: INFO    : Checking license files in directory: /opt/maxeler/maxcompiler/licenses
Wed 13:43: INFO    : All license signatures valid.
Wed 13:43: WARNING : No valid license for the component 'MaxCompiler_core' was found
Wed 13:43: WARNING : but a valid 'MaxCompiler_core_sim' license was found.
Wed 13:43: WARNING : Falling back to sim-only support
Wed 13:43: USER    : 
Wed 13:43: USER    : ENGINE BUILD PARAMETERS
Wed 13:43: USER    : 	 Build name: WavePropagation_MAX5C_DFE_SIM
Wed 13:43: USER    : 	   DFEModel: MAIA                         
Wed 13:43: USER    : 	maxFileName: WavePropagation              
Wed 13:43: USER    : 	     target: DFE_SIM                      
Wed 13:43: USER    : 	 enableMPCX: false                        
Wed 13:43: PROGRESS: Instantiating kernel "WavePropagationKernel"
Wed 13:43: PROGRESS: Compiling kernel "WavePropagationKernel"
Wed 13:43: INFO    : Configuration:
Wed 13:43: INFO    : 	KernelConfiguration.additionalInputPipelining = 64                                          [Init: 64]
Wed 13:43: INFO    : 	KernelConfiguration.allowDSPCascading = true                                                [Init: true]
Wed 13:43: INFO    : 	KernelConfiguration.allowInputsOutputsBeforeFlushNode = false                               [Init: false]
Wed 13:43: INFO    : 	KernelConfiguration.allowZeroLatencyNodeHold = false                                        [Init: false]
Wed 13:43: INFO    : 	KernelConfiguration.bramBitsThreshold = 2080                                                [Init: 2080]
Wed 13:43: INFO    : 	KernelConfiguration.buildTarget = MAXCOMPILERSIM_HOST_DRIVEN                                [Init: NONE, change: MAXCOMPILERSIM_HOST_DRIVEN]
Wed 13:43: INFO    : 	KernelConfiguration.cePipelining = 2                                                        [Init: 2]
Wed 13:43: INFO    : 	KernelConfiguration.checkPartialConnections = true                                          [Init: true]
Wed 13:43: INFO    : 	KernelConfiguration.clockPhaseBalanceThreshold = 0.1                                        [Init: 0.1]
Wed 13:43: INFO    : 	KernelConfiguration.clockPhasingRetries = 50                                                [Init: 50]
Wed 13:43: INFO    : 	KernelConfiguration.constantMultiplicationWithShiftAddThreshold = 3                         [Init: 3]
Wed 13:43: INFO    : 	KernelConfiguration.dumpNeighboursString =                                                  [Init: ]
Wed 13:43: INFO    : 	KernelConfiguration.enableCeReplication = true                                              [Init: true]
Wed 13:43: INFO    : 	KernelConfiguration.enableDebugIOControlRegs = true                                         [Init: true]
Wed 13:43: INFO    : 	KernelConfiguration.enableDummyBuild = false                                                [Init: false]
Wed 13:43: INFO    : 	KernelConfiguration.enablePipelinedComputeController = false                                [Init: false]
Wed 13:43: INFO    : 	KernelConfiguration.enableShadowRegister = false                                            [Init: false]
Wed 13:43: INFO    : 	KernelConfiguration.enableSmartKernelControl = false                                        [Init: false]
Wed 13:43: INFO    : 	KernelConfiguration.enableStatesReportingPasses = true                                      [Init: true]
Wed 13:43: INFO    : 	KernelConfiguration.fifoSrlRegisterStages = 1                                               [Init: 1]
Wed 13:43: INFO    : 	KernelConfiguration.flushOnInputDataCongtiguous = false                                     [Init: false]
Wed 13:43: INFO    : 	KernelConfiguration.hardwareDebugDepth = 512                                                [Init: 512]
Wed 13:43: INFO    : 	KernelConfiguration.hwHierarchyMode = UNSET                                                 [Init: UNSET]
Wed 13:43: INFO    : 	KernelConfiguration.latencyAnnotation = false                                               [Init: false]
Wed 13:43: INFO    : 	KernelConfiguration.latencyAnnotationAll = true                                             [Init: true]
Wed 13:43: INFO    : 	KernelConfiguration.latencyAnnotationIOs =                                                  [Init: null]
Wed 13:43: INFO    : 	KernelConfiguration.maxCoalescedFifoWidth = 2147483647                                      [Init: 2147483647]
Wed 13:43: INFO    : 	KernelConfiguration.maxPreAdderFanOut = 1                                                   [Init: 1]
Wed 13:43: INFO    : 	KernelConfiguration.netlistMode = false                                                     [Init: false]
Wed 13:43: INFO    : 	KernelConfiguration.numPhotonStateMachines = 1                                              [Init: 1]
Wed 13:43: INFO    : 	KernelConfiguration.optimizations.ceCounterRegisterDuplication = 1                          [Init: 1]
Wed 13:43: INFO    : 	KernelConfiguration.optimizations.conditionalArithmetic = true                              [Init: true]
Wed 13:43: INFO    : 	KernelConfiguration.optimizations.counterChainWrapPipelining = 0                            [Init: 0]
Wed 13:43: INFO    : 	KernelConfiguration.optimizations.dspAddChain = OPTIMISE                                    [Init: null, change: OPTIMISE]
Wed 13:43: INFO    : 	KernelConfiguration.optimizations.enableActiveFanoutReduction = false                       [Init: false]
Wed 13:43: INFO    : 	KernelConfiguration.optimizations.enableBUFGCE = false                                      [Init: false]
Wed 13:43: INFO    : 	KernelConfiguration.optimizations.enableBetterInputRegistering = false                      [Init: false]
Wed 13:43: INFO    : 	KernelConfiguration.optimizations.enableBetterRegistering = false                           [Init: false]
Wed 13:43: INFO    : 	KernelConfiguration.optimizations.enableFIFOCoalescingAcrossPlacementConstraints = false    [Init: false]
Wed 13:43: INFO    : 	KernelConfiguration.optimizations.enableFifoCoalescing = true                               [Init: true]
Wed 13:43: INFO    : 	KernelConfiguration.optimizations.enableIntegratedRounding = false                          [Init: false]
Wed 13:43: INFO    : 	KernelConfiguration.optimizations.enableMappedMemoryHostReadBack = true                     [Init: true]
Wed 13:43: INFO    : 	KernelConfiguration.optimizations.enableMultiCycleReset = false                             [Init: false]
Wed 13:43: INFO    : 	KernelConfiguration.optimizations.enablePowerTwoFloatMult = true                            [Init: true]
Wed 13:43: INFO    : 	KernelConfiguration.optimizations.enableRedundantNodeDeletion = true                        [Init: true]
Wed 13:43: INFO    : 	KernelConfiguration.optimizations.enableStateMachineRegisterMerging = true                  [Init: true]
Wed 13:43: INFO    : 	KernelConfiguration.optimizations.inlining = false                                          [Init: false]
Wed 13:43: INFO    : 	KernelConfiguration.optimizations.inputFlushDistanceFactor = 0                              [Init: 0]
Wed 13:43: INFO    : 	KernelConfiguration.optimizations.minimumStaticFIFOSplitDepth = 1                           [Init: 1]
Wed 13:43: INFO    : 	KernelConfiguration.optimizations.optimizationTechnique = DEFAULT                           [Init: DEFAULT]
Wed 13:43: INFO    : 	KernelConfiguration.optimizations.preserveNodeRegisters = true                              [Init: true]
Wed 13:43: INFO    : 	KernelConfiguration.optimizations.triAdd = true                                             [Init: true]
Wed 13:43: INFO    : 	KernelConfiguration.partialReconfBlockName =                                                [Init: ]
Wed 13:43: INFO    : 	KernelConfiguration.partialReconfMode = false                                               [Init: false]
Wed 13:43: INFO    : 	KernelConfiguration.partialReconfTemplate = false                                           [Init: false]
Wed 13:43: INFO    : 	KernelConfiguration.replicateNodeCeLog2NumPartitions = 0                                    [Init: 0]
Wed 13:43: INFO    : 	KernelConfiguration.romBRAMBitsThreshold = 2080                                             [Init: 2080]
Wed 13:43: INFO    : 	KernelConfiguration.simulation.ramAddressCollisionBehaviour = EXCEPTION                     [Init: EXCEPTION]
Wed 13:43: INFO    : 	KernelConfiguration.simulation.ramOutOfBoundsAccessBehaviour = EXCEPTION                    [Init: EXCEPTION]
Wed 13:43: INFO    : 	KernelConfiguration.simulation.simProgressMessageFrequency = 0                              [Init: 0]
Wed 13:43: INFO    : 	KernelConfiguration.useAsapScheduler = false                                                [Init: false]
Wed 13:43: INFO    : 
Wed 13:43: INFO    :  -- 
Wed 13:43: WARNING : Warning (UNCONNECTED_DESIGN_ELEMENT):
Wed 13:43: WARNING : Unconnected elements in design 'WavePropagationKernel'
Wed 13:43: WARNING : details in : /home/maxeler/wave_propagation/wave-propagation-DFE/builds/WavePropagation/WavePropagation_MAX5C_DFE_SIM/scratch/WavePropagationKernel_graph_warnings.txt
Wed 13:43: INFO    : Deleting directory: neighbours
Wed 13:43: INFO    : Writing current graph to: WavePropagation-WavePropagationKernel-original.pxg
Wed 13:43: INFO    : Dumping graph 'original' with DotDumper.
Wed 13:43: INFO    : Deleting /home/maxeler/wave_propagation/wave-propagation-DFE/builds/WavePropagation/WavePropagation_MAX5C_DFE_SIM/scratch/WavePropagationKernel.graphs
Wed 13:43: INFO    : Dumping graph 'original' with DotDumper took 26.2670 ms
Wed 13:43: INFO    : Running Photon pre-schedule graph optimisations
Wed 13:43: INFO    : Running kernel graph-pass 'MarkConstantPass'.
Wed 13:43: INFO    : Graph-pass 'MarkConstantPass' took 6.59675 ms (1 iterations)
Wed 13:43: INFO    : Running kernel graph-pass 'AlignOrEradicatePrintfs'.
Wed 13:43: INFO    : Erradicated 0 printf nodes
Wed 13:43: INFO    : Graph-pass 'AlignOrEradicatePrintfs' took 2.11005 ms (1 iterations)
Wed 13:43: INFO    : Running kernel graph-pass 'FoldConstantsPass'.
Wed 13:43: INFO    : Folded 85 nodes.
Wed 13:43: INFO    : Graph-pass 'FoldConstantsPass' took 714.846 µs (1 iterations)
Wed 13:43: INFO    : Running kernel graph-pass 'DeleteRedundantNodes'.
Wed 13:43: INFO    : Graph-pass 'DeleteRedundantNodes' took 12.4334 ms (2 iterations)
Wed 13:43: INFO    : Running kernel graph-pass 'CollectNumericExceptions'.
Wed 13:43: INFO    : Graph-pass 'CollectNumericExceptions' took 130.118 µs (1 iterations)
Wed 13:43: INFO    : Running Photon simulation preparation
Wed 13:43: INFO    : Running kernel graph-pass 'PrepareSimulationPass'.
Wed 13:43: INFO    : Graph-pass 'PrepareSimulationPass' took 98.8510 µs (1 iterations)
Wed 13:43: INFO    : Running kernel graph-pass 'OptimiseNodesPass'.
Wed 13:43: INFO    : Graph-pass 'OptimiseNodesPass' took 6.68818 ms (2 iterations)
Wed 13:43: INFO    : Running kernel graph-pass 'StreamOffsetDivExpand'.
Wed 13:43: INFO    : Graph-pass 'StreamOffsetDivExpand' took 266.428 µs (1 iterations)
Wed 13:43: INFO    : Dumping graph 'pre_dsp_extraction' with DotDumper.
Wed 13:43: INFO    : Dumping graph 'pre_dsp_extraction' with DotDumper took 15.1395 ms
Wed 13:43: INFO    : Running kernel graph-pass 'DspMultiplyAddExtractionPass'.
Wed 13:43: INFO    : Optimized 0 sub-graphs into DSP multiply/add chains (Ultrascale mode).
Wed 13:43: INFO    : Graph-pass 'DspMultiplyAddExtractionPass' took 9.41250 ms (1 iterations)
Wed 13:43: INFO    : Dumping graph 'post_dsp_extraction' with DotDumper.
Wed 13:43: INFO    : Dumping graph 'post_dsp_extraction' with DotDumper took 14.4552 ms
Wed 13:43: INFO    : Running kernel graph-pass 'TriArithInsertionPass'.
Wed 13:43: INFO    : MultiAdd inserter didn't add any nodes.
Wed 13:43: INFO    : Graph-pass 'TriArithInsertionPass' took 202.060 µs (1 iterations)
Wed 13:43: INFO    : Dumping graph 'post_tri_add_extraction' with DotDumper.
Wed 13:43: INFO    : Dumping graph 'post_tri_add_extraction' with DotDumper took 4.16326 ms
Wed 13:43: INFO    : Dumping graph 'pre_condadd_extraction' with DotDumper.
Wed 13:43: INFO    : Dumping graph 'pre_condadd_extraction' with DotDumper took 13.6251 ms
Wed 13:43: INFO    : Running kernel graph-pass 'ConditionalAddExtractionPass'.
Wed 13:43: INFO    : Optimized 0 sub-graphs into conditional adds/subs/triadds.
Wed 13:43: INFO    : Graph-pass 'ConditionalAddExtractionPass' took 366.787 µs (1 iterations)
Wed 13:43: INFO    : Running kernel graph-pass 'ConditionalPosNegExtractionPass'.
Wed 13:43: INFO    : Graph-pass 'ConditionalPosNegExtractionPass' took 78.3020 µs (1 iterations)
Wed 13:43: INFO    : Running kernel graph-pass 'PO2FPMultOptimiser'.
Wed 13:43: INFO    : Graph-pass 'PO2FPMultOptimiser' took 386.757 µs (1 iterations)
Wed 13:43: INFO    : Running kernel graph-pass 'GraphLevelPipelining'.
Wed 13:43: INFO    : Inserted 0 pipelining registers.
Wed 13:43: INFO    : Graph-pass 'GraphLevelPipelining' took 358.928 µs (1 iterations)
Wed 13:43: INFO    : Running kernel graph-pass 'RemoveUntypedConstants'.
Wed 13:43: INFO    : Removed 16 untyped constants.
Wed 13:43: INFO    : Graph-pass 'RemoveUntypedConstants' took 6.53160 ms (1 iterations)
Wed 13:43: INFO    : Running kernel graph-pass 'LimitFanoutPass'.
Wed 13:43: INFO    : Graph-pass 'LimitFanoutPass' took 151.553 µs (1 iterations)
Wed 13:43: INFO    : Dumping graph 'optimised' with DotDumper.
Wed 13:43: INFO    : Dumping graph 'optimised' with DotDumper took 9.23829 ms
Wed 13:43: INFO    : Logging Photon stats to: WavePropagationKernel_photon_stats.csv
Wed 13:43: INFO    : Deleting /home/maxeler/wave_propagation/wave-propagation-DFE/builds/WavePropagation/WavePropagation_MAX5C_DFE_SIM/scratch/WavePropagationKernel_photon_stats.csv
Wed 13:43: INFO    : Running kernel graph-pass 'StatsPass'.
Wed 13:43: INFO    : Graph-pass 'StatsPass' took 5.67509 ms (1 iterations)
Wed 13:43: INFO    : Running kernel graph-pass 'ReachabilityPass'.
Wed 13:43: INFO    : Graph-pass 'ReachabilityPass' took 188.182 µs (1 iterations)
Wed 13:43: INFO    : Running kernel graph-pass 'ReachabilityPass'.
Wed 13:43: INFO    : Graph-pass 'ReachabilityPass' took 112.857 µs (1 iterations)
Wed 13:43: INFO    : Running kernel graph-pass 'FindInputsLeadingToFlush'.
Wed 13:43: INFO    : Graph-pass 'FindInputsLeadingToFlush' took 84.1300 µs (1 iterations)
Wed 13:43: INFO    : Running kernel graph-pass 'CheckForStatefulToFlushViolations'.
Wed 13:43: INFO    : Graph-pass 'CheckForStatefulToFlushViolations' took 289.211 µs (1 iterations)
Wed 13:43: INFO    : Running kernel graph-pass 'CheckForInputToFlushViolations'.
Wed 13:43: INFO    : Graph-pass 'CheckForInputToFlushViolations' took 558.995 µs (1 iterations)
Wed 13:43: INFO    : Running kernel graph-pass 'FindIllegalLoops'.
Wed 13:43: INFO    : Finding illegal loops for 0 loops.
Wed 13:43: INFO    : Graph-pass 'FindIllegalLoops' took 639.806 µs (1 iterations)
Wed 13:43: INFO    : Running kernel graph-pass 'AddNodeSchedulingConstraints'.
Wed 13:43: INFO    : Graph-pass 'AddNodeSchedulingConstraints' took 105.496 µs (1 iterations)
Wed 13:43: INFO    : Running kernel graph-pass 'MarkConstantPass'.
Wed 13:43: INFO    : Graph-pass 'MarkConstantPass' took 190.646 µs (1 iterations)
Wed 13:43: INFO    : Running kernel graph-pass 'ScheduleVariables'.
Wed 13:43: INFO    : Running command: "/opt/maxeler/maxcompiler/bin/cbc" "WavePropagationKernel_schedule_nx.mps.gz" -threads 2 -solve  -printi csv -solu "WavePropagationKernel_schedule_nx.csv" > "WavePropagationKernel_schedule_nx.stdout.log"
Wed 13:43: INFO    : Checking for file hash changes...
Wed 13:43: INFO    : Hash changed for file: 'WavePropagationKernel_schedule_nx.mps.gz'
Wed 13:43: INFO    : Optimum found: 352
Wed 13:43: INFO    : Graph-pass 'ScheduleVariables' took 106.955 ms (1 iterations)
Wed 13:43: INFO    : Running kernel graph-pass 'SubstituteEqPlaceholders'.
Wed 13:43: INFO    : Graph-pass 'SubstituteEqPlaceholders' took 112.267 µs (1 iterations)
Wed 13:43: INFO    : Running kernel graph-pass 'MarkConstantPass'.
Wed 13:43: INFO    : Graph-pass 'MarkConstantPass' took 146.826 µs (1 iterations)
Wed 13:43: INFO    : Running kernel graph-pass 'ScheduleApplier'.
Wed 13:43: INFO    : Graph-pass 'ScheduleApplier' took 29.8376 ms (1 iterations)
Wed 13:43: INFO    : Running kernel graph-pass 'ScheduleDumper'.
Wed 13:43: INFO    : Graph-pass 'ScheduleDumper' took 613.214 µs (1 iterations)
Wed 13:43: INFO    : Running Photon post-schedule graph optimisations (pass 1)
Wed 13:43: INFO    : Running kernel graph-pass 'TapFIFOsPass'.
Wed 13:43: INFO    : Tapped 20 FIFOs.
Wed 13:43: INFO    : Tapped 20 FIFOs.
Wed 13:43: INFO    : Graph-pass 'TapFIFOsPass' took 6.59318 ms (2 iterations)
Wed 13:43: INFO    : Running kernel graph-pass 'FoldFIFOsPass'.
Wed 13:43: INFO    : Folded 0 FIFOs.
Wed 13:43: INFO    : Graph-pass 'FoldFIFOsPass' took 249.911 µs (1 iterations)
Wed 13:43: INFO    : Dumping graph 'tapnfold_1' with DotDumper.
Wed 13:43: INFO    : Dumping graph 'tapnfold_1' with DotDumper took 15.7137 ms
Wed 13:43: INFO    : Running kernel graph-pass 'OptimiseVariableFIFOs'.
Wed 13:43: INFO    : Graph-pass 'OptimiseVariableFIFOs' took 9.95446 ms (1 iterations)
Wed 13:43: INFO    : Dumping graph 'validated_fifos' with DotDumper.
Wed 13:43: INFO    : Dumping graph 'validated_fifos' with DotDumper took 4.80976 ms
Wed 13:43: INFO    : Running kernel graph-pass 'ScheduleDumper'.
Wed 13:43: INFO    : Graph-pass 'ScheduleDumper' took 418.307 µs (1 iterations)
Wed 13:43: INFO    : Running kernel graph-pass 'ScheduleConstants'.
Wed 13:43: INFO    : Running command: "/opt/maxeler/maxcompiler/bin/cbc" "WavePropagationKernel_schedule_C.mps.gz" -threads 2 -solve  -printi csv -solu "WavePropagationKernel_schedule_C.csv" > "WavePropagationKernel_schedule_C.stdout.log"
Wed 13:43: INFO    : Checking for file hash changes...
Wed 13:43: INFO    : Hash changed for file: 'WavePropagationKernel_schedule_C.mps.gz'
Wed 13:43: INFO    : Optimum found: 26035
Wed 13:43: INFO    : Graph-pass 'ScheduleConstants' took 52.3737 ms (1 iterations)
Wed 13:43: INFO    : Running kernel graph-pass 'ScheduleDumper'.
Wed 13:43: INFO    : Graph-pass 'ScheduleDumper' took 560.819 µs (1 iterations)
Wed 13:43: INFO    : Running kernel graph-pass 'SubstituteEqPlaceholders'.
Wed 13:43: INFO    : Graph-pass 'SubstituteEqPlaceholders' took 1.12675 ms (1 iterations)
Wed 13:43: INFO    : Running kernel graph-pass 'MarkConstantPass'.
Wed 13:43: INFO    : Graph-pass 'MarkConstantPass' took 149.916 µs (1 iterations)
Wed 13:43: INFO    : Running kernel graph-pass 'RemoveDistMeasurementNodes'.
Wed 13:43: INFO    : Graph-pass 'RemoveDistMeasurementNodes' took 19.3720 µs (1 iterations)
Wed 13:43: INFO    : Running kernel graph-pass 'ScheduleApplier'.
Wed 13:43: INFO    : Graph-pass 'ScheduleApplier' took 5.65990 ms (1 iterations)
Wed 13:43: INFO    : Maximum stream latency for kernel 'WavePropagationKernel': 1800339
Wed 13:43: INFO    : Using user logic for flush.
Wed 13:43: INFO    : Running Photon post-schedule graph optimisations (pass 2)
Wed 13:43: INFO    : Running kernel graph-pass 'TapFIFOsPass'.
Wed 13:43: INFO    : Tapped 16 FIFOs.
Wed 13:43: INFO    : Tapped 16 FIFOs.
Wed 13:43: INFO    : Graph-pass 'TapFIFOsPass' took 15.2751 ms (2 iterations)
Wed 13:43: INFO    : Running kernel graph-pass 'FoldFIFOsPass'.
Wed 13:43: INFO    : Folded 1 FIFOs.
Wed 13:43: INFO    : Graph-pass 'FoldFIFOsPass' took 2.28332 ms (1 iterations)
Wed 13:43: INFO    : Dumping graph 'tapnfold_2' with DotDumper.
Wed 13:43: INFO    : Dumping graph 'tapnfold_2' with DotDumper took 3.03447 ms
Wed 13:43: INFO    : Running kernel graph-pass 'ScheduleAsserter'.
Wed 13:43: INFO    : Graph-pass 'ScheduleAsserter' took 744.995 µs (1 iterations)
Wed 13:43: INFO    : Running kernel graph-pass 'ReplaceEvalStreamOffsetNodes'.
Wed 13:43: INFO    : Graph-pass 'ReplaceEvalStreamOffsetNodes' took 2.12302 ms (1 iterations)
Wed 13:43: INFO    : Running kernel graph-pass 'MoveFanoutRegsForwards'.
Wed 13:43: INFO    : Graph-pass 'MoveFanoutRegsForwards' took 75.3150 µs (1 iterations)
Wed 13:43: INFO    : Running kernel graph-pass 'FIFOReport'.
Wed 13:43: INFO    : Graph-pass 'FIFOReport' took 1.39603 ms (1 iterations)
Wed 13:43: INFO    : Running kernel graph-pass 'StatsPass'.
Wed 13:43: INFO    : Graph-pass 'StatsPass' took 2.46782 ms (1 iterations)
Wed 13:43: INFO    : Running kernel graph-pass 'RemoveUntypedConstants'.
Wed 13:43: INFO    : Removed 0 untyped constants.
Wed 13:43: INFO    : Graph-pass 'RemoveUntypedConstants' took 622.099 µs (1 iterations)
Wed 13:43: INFO    : Running kernel graph-pass 'VariableSizeMappedRegInserter'.
Wed 13:43: INFO    : Making reg for eq: (max(1, min((-5 + (2 * nx{3..300000})), 32768)) + -1)
Wed 13:43: INFO    : Making reg for eq: (max(1, min((-32772 + (2 * nx{3..300000})), 32768)) + -1)
Wed 13:43: INFO    : Making reg for eq: (max(1, min((-65539 + (2 * nx{3..300000})), 32768)) + -1)
Wed 13:43: INFO    : Making reg for eq: (max(1, min((-98306 + (2 * nx{3..300000})), 32768)) + -1)
Wed 13:43: INFO    : Making reg for eq: (max(1, min((-131073 + (2 * nx{3..300000})), 32768)) + -1)
Wed 13:43: INFO    : Making reg for eq: (max(1, min((-163840 + (2 * nx{3..300000})), 32768)) + -1)
Wed 13:43: INFO    : Making reg for eq: (max(1, min((-196607 + (2 * nx{3..300000})), 32768)) + -1)
Wed 13:43: INFO    : Making reg for eq: (max(1, min((-229374 + (2 * nx{3..300000})), 32768)) + -1)
Wed 13:43: INFO    : Making reg for eq: (max(1, min((-262141 + (2 * nx{3..300000})), 32768)) + -1)
Wed 13:43: INFO    : Making reg for eq: (max(1, min((-294908 + (2 * nx{3..300000})), 32768)) + -1)
Wed 13:43: INFO    : Making reg for eq: (max(1, min((-327675 + (2 * nx{3..300000})), 32768)) + -1)
Wed 13:43: INFO    : Making reg for eq: (max(1, min((-360442 + (2 * nx{3..300000})), 32768)) + -1)
Wed 13:43: INFO    : Making reg for eq: (max(1, min((-393209 + (2 * nx{3..300000})), 32768)) + -1)
Wed 13:43: INFO    : Making reg for eq: (max(1, min((-425976 + (2 * nx{3..300000})), 32768)) + -1)
Wed 13:43: INFO    : Making reg for eq: (max(1, min((-458743 + (2 * nx{3..300000})), 32768)) + -1)
Wed 13:43: INFO    : Making reg for eq: (max(1, min((-491510 + (2 * nx{3..300000})), 32768)) + -1)
Wed 13:43: INFO    : Making reg for eq: (max(1, min((-524277 + (2 * nx{3..300000})), 32768)) + -1)
Wed 13:43: INFO    : Making reg for eq: (max(1, min((-557044 + (2 * nx{3..300000})), 32768)) + -1)
Wed 13:43: INFO    : Making reg for eq: (max(1, min((-589811 + (2 * nx{3..300000})), 10189)) + -1)
Wed 13:43: INFO    : Making reg for eq: (max(1, min((-2 + nx{3..300000}), 32768)) + -1)
Wed 13:43: INFO    : Making reg for eq: (max(1, min((-32769 + nx{3..300000}), 32768)) + -1)
Wed 13:43: INFO    : Making reg for eq: (max(1, min((-65536 + nx{3..300000}), 32768)) + -1)
Wed 13:43: INFO    : Making reg for eq: (max(1, min((-98303 + nx{3..300000}), 32768)) + -1)
Wed 13:43: INFO    : Making reg for eq: (max(1, min((-131070 + nx{3..300000}), 32768)) + -1)
Wed 13:43: INFO    : Making reg for eq: (max(1, min((-163837 + nx{3..300000}), 32768)) + -1)
Wed 13:43: INFO    : Making reg for eq: (max(1, min((-196604 + nx{3..300000}), 32768)) + -1)
Wed 13:43: INFO    : Making reg for eq: (max(1, min((-229371 + nx{3..300000}), 32768)) + -1)
Wed 13:43: INFO    : Making reg for eq: (max(1, min((-262138 + nx{3..300000}), 32768)) + -1)
Wed 13:43: INFO    : Making reg for eq: (max(1, min((-294905 + nx{3..300000}), 5095)) + -1)
Wed 13:43: INFO    : Making reg for eq: (max(1, min((22 + nx{3..300000}), 32768)) + -1)
Wed 13:43: INFO    : Making reg for eq: (max(1, min((-32745 + nx{3..300000}), 32768)) + -1)
Wed 13:43: INFO    : Making reg for eq: (max(1, min((-65512 + nx{3..300000}), 32768)) + -1)
Wed 13:43: INFO    : Making reg for eq: (max(1, min((-98279 + nx{3..300000}), 32768)) + -1)
Wed 13:43: INFO    : Making reg for eq: (max(1, min((-131046 + nx{3..300000}), 32768)) + -1)
Wed 13:43: INFO    : Making reg for eq: (max(1, min((-163813 + nx{3..300000}), 32768)) + -1)
Wed 13:43: INFO    : Making reg for eq: (max(1, min((-196580 + nx{3..300000}), 32768)) + -1)
Wed 13:43: INFO    : Making reg for eq: (max(1, min((-229347 + nx{3..300000}), 32768)) + -1)
Wed 13:43: INFO    : Making reg for eq: (max(1, min((-262114 + nx{3..300000}), 32768)) + -1)
Wed 13:43: INFO    : Making reg for eq: (max(1, min((-294881 + nx{3..300000}), 5119)) + -1)
Wed 13:43: INFO    : Graph-pass 'VariableSizeMappedRegInserter' took 64.4616 ms (2 iterations)
Wed 13:43: INFO    : Running kernel graph-pass 'MakeMaxFileNodeData'.
Wed 13:43: INFO    : Graph-pass 'MakeMaxFileNodeData' took 18.5658 ms (1 iterations)
Wed 13:43: INFO    : Dumping graph 'final' with DotDumper.
Wed 13:43: INFO    : Dumping graph 'final' with DotDumper took 3.22263 ms
Wed 13:43: INFO    : Running kernel graph-pass 'FIFOReportDotDump'.
Wed 13:43: INFO    : Graph-pass 'FIFOReportDotDump' took 79.6787 ms (1 iterations)
Wed 13:43: INFO    : Running kernel graph-pass 'FIFOReportDotDump'.
Wed 13:43: INFO    : Graph-pass 'FIFOReportDotDump' took 75.9631 ms (1 iterations)
Wed 13:43: INFO    : Running kernel graph-pass 'StallScopeDump'.
Wed 13:43: INFO    : Graph-pass 'StallScopeDump' took 2.29525 ms (1 iterations)
Wed 13:43: INFO    : Optimization report for Kernel 'WavePropagationKernel'.
Wed 13:43: INFO    : Enabled optimizations:
Wed 13:43: INFO    : 	DSP Multiply-Add Extraction
Wed 13:43: INFO    : 	Tri-Adder
Wed 13:43: INFO    : 	Conditional (Tri)Adds/Subs/AddSubs
Wed 13:43: INFO    : 	Power-of-2 Floating Point
Wed 13:43: INFO    : Creating a preliminary MaxCompilerDesignData.dat. (@ CoreCompile WavePropagationKernel)
Wed 13:43: INFO    : Deleting /home/maxeler/wave_propagation/wave-propagation-DFE/builds/WavePropagation/WavePropagation_MAX5C_DFE_SIM/scratch/MaxCompilerDesignData.dat
Wed 13:43: INFO    : Total compilation of 'WavePropagationKernel' took 1.01351 s.
Wed 13:43: PROGRESS: 
Wed 13:43: WARNING : Source for this build will not be backed-up and source-code annotations will not be
Wed 13:43: WARNING : made. This can be caused either by the environment variable MAXSOURCEDIRS not being
Wed 13:43: WARNING : set or the MaxCompiler configuration option 'build.enable_source_backup' being
Wed 13:43: WARNING : unset/set to false.
Wed 13:43: INFO    : Manager Configuration:
Wed 13:43: INFO    : 	ManagerConfiguration.allowNonMultipleTransitions = false                           [Init: false]
Wed 13:43: INFO    : 	ManagerConfiguration.build.bramMappingScaleFactor = 1.0                            [Init: 1.0]
Wed 13:43: INFO    : 	ManagerConfiguration.build.buildEffort = MEDIUM                                    [Init: MEDIUM]
Wed 13:43: INFO    : 	ManagerConfiguration.build.continueAfterMeetingTiming = false                      [Init: false]
Wed 13:43: INFO    : 	ManagerConfiguration.build.enableChipScopeInserter = false                         [Init: false]
Wed 13:43: INFO    : 	ManagerConfiguration.build.enablePcieIbert = false                                 [Init: false]
Wed 13:43: INFO    : 	ManagerConfiguration.build.enablePcieJtag = false                                  [Init: false]
Wed 13:43: INFO    : 	ManagerConfiguration.build.enableTandemBoot = false                                [Init: false]
Wed 13:43: INFO    : 	ManagerConfiguration.build.enableTimingAnalysis = true                             [Init: true]
Wed 13:43: INFO    : 	ManagerConfiguration.build.enableXpmMacro = true                                   [Init: true]
Wed 13:43: INFO    : 	ManagerConfiguration.build.generateHexBitfile = false                              [Init: false]
Wed 13:43: INFO    : 	ManagerConfiguration.build.implementationNearMissRetries = 0                       [Init: 0]
Wed 13:43: INFO    : 	ManagerConfiguration.build.implementationNearMissThreshold = 0                     [Init: 0]
Wed 13:43: INFO    : 	ManagerConfiguration.build.keepWrapperNodeHierarchy = true                         [Init: true]
Wed 13:43: INFO    : 	ManagerConfiguration.build.level = FULL_BUILD                                      [Init: FULL_BUILD]
Wed 13:43: INFO    : 	ManagerConfiguration.build.logicMappingScaleFactor = 1.0                           [Init: 1.0]
Wed 13:43: INFO    : 	ManagerConfiguration.build.optimizationGoal = BALANCED                             [Init: BALANCED]
Wed 13:43: INFO    : 	ManagerConfiguration.build.overrideSystemJitter = false                            [Init: false]
Wed 13:43: INFO    : 	ManagerConfiguration.build.parallelism = 1                                         [Init: 1]
Wed 13:43: INFO    : 	ManagerConfiguration.build.powerConsumptionCritWarningThreshold = 76.5             [Init: 40.0, change: 76.5]
Wed 13:43: INFO    : 	ManagerConfiguration.build.powerConsumptionErrorThreshold = 91.79999542236328      [Init: 60.0, change: 91.79999542236328]
Wed 13:43: INFO    : 	ManagerConfiguration.build.powerConsumptionWarningThreshold = 61.20000076293945    [Init: 20.0, change: 61.20000076293945]
Wed 13:43: INFO    : 	ManagerConfiguration.build.suppressUramCascadingWarning = false                    [Init: false]
Wed 13:43: INFO    : 	ManagerConfiguration.build.systemJitter = 0.13                                     [Init: 0.0, change: 0.13]
Wed 13:43: INFO    : 	ManagerConfiguration.buildTarget = DFE_SIM                                         [Init: null, change: DFE_SIM]
Wed 13:43: INFO    : 	ManagerConfiguration.debug.chipscopeCaptureDepth = 4096                            [Init: 4096]
Wed 13:43: INFO    : 	ManagerConfiguration.debug.fifoUnderOverFlowRegs = false                           [Init: false]
Wed 13:43: INFO    : 	ManagerConfiguration.debug.memCtlDebugRegs = true                                  [Init: true]
Wed 13:43: INFO    : 	ManagerConfiguration.debug.memCtlExtraDebugRegs = false                            [Init: false]
Wed 13:43: INFO    : 	ManagerConfiguration.debug.memMarginingSupport = false                             [Init: false]
Wed 13:43: INFO    : 	ManagerConfiguration.debug.memPhyDebugRegister = NONE                              [Init: NONE]
Wed 13:43: INFO    : 	ManagerConfiguration.debug.memPllLockDebugRegs = true                              [Init: true]
Wed 13:43: INFO    : 	ManagerConfiguration.debug.streamStatus = false                                    [Init: false]
Wed 13:43: INFO    : 	ManagerConfiguration.debug.streamStatusChecksums = false                           [Init: false]
Wed 13:43: INFO    : 	ManagerConfiguration.defaultAdditionalRegisters = 0                                [Init: 0]
Wed 13:43: INFO    : 	ManagerConfiguration.defaultStreamFifoDepth = 512                                  [Init: 512]
Wed 13:43: INFO    : 	ManagerConfiguration.globalMcpConfig.ddrClockFreq = 266.6                          [Init: 0.0, change: 266.6]
Wed 13:43: INFO    : 	ManagerConfiguration.globalMcpConfig.hasMcp = false                                [Init: false]
Wed 13:43: INFO    : 	ManagerConfiguration.globalMcpConfig.onCardMemFreq = 272.5                         [Init: 0.0, change: 272.5]
Wed 13:43: INFO    : 	ManagerConfiguration.pcie.multiCycleMappedMemoryBus = false                        [Init: false]
Wed 13:43: INFO    : 	ManagerConfiguration.pcie.numPCIeLanes = 0                                         [Init: 0]
Wed 13:43: INFO    : 	ManagerConfiguration.pcie.pcieFastClock = false                                    [Init: false]
Wed 13:43: INFO    : 	ManagerConfiguration.pcie.sgFetcherListSize = 16                                   [Init: 16]
Wed 13:43: INFO    : 	ManagerConfiguration.pcie.streamFromHostMaxNum = 0                                 [Init: 0]
Wed 13:43: INFO    : 	ManagerConfiguration.pcie.streamToHostMaxNum = 0                                   [Init: 0]
Wed 13:43: INFO    : 	ManagerConfiguration.reducedMaxfileMacroMode = false                               [Init: false]
Wed 13:43: INFO    : 	ManagerConfiguration.simulation.javaHdlSimRunMode = CONSOLE                        [Init: CONSOLE]
Wed 13:43: INFO    : 	ManagerConfiguration.simulation.javaSimVerboseLevel = LOW                          [Init: LOW]
Wed 13:43: INFO    : 	ManagerConfiguration.simulation.javaSimulationLMemDimmSize = 1048576               [Init: 1048576]
Wed 13:43: INFO    : 	ManagerConfiguration.simulation.javaSimulationRuntime = 1000000000                 [Init: 1000000000]
Wed 13:43: INFO    : 	ManagerConfiguration.simulation.javaSimulationTimeout = 3600                       [Init: 3600]
Wed 13:43: INFO    : 	ManagerConfiguration.simulation.keepJavaSimLMemDataFile = false                    [Init: false]
Wed 13:43: INFO    : 	ManagerConfiguration.simulation.nativeFloatingPoint = false                        [Init: false]
Wed 13:43: INFO    : 	ManagerConfiguration.streamClockFrq = 100.0                                        [Init: 100.0]
Wed 13:43: INFO    : 
Wed 13:43: INFO    :  -- 
Wed 13:43: INFO    : Deleting /home/maxeler/wave_propagation/wave-propagation-DFE/builds/WavePropagation/WavePropagation_MAX5C_DFE_SIM/scratch/Manager_WavePropagation.graphs
Wed 13:43: INFO    : Running manager compiler graph-pass: GenerateMXGInfo
Wed 13:43: INFO    : Running manager compiler graph-pass: AssignClocks
Wed 13:43: INFO    : Running manager compiler graph-pass: AssignWidths
Wed 13:43: INFO    : Running manager compiler graph-pass: InsertDualAspectLogic
Wed 13:43: INFO    : Running manager compiler graph-pass: AssignClocks
Wed 13:43: INFO    : Running manager compiler graph-pass: AssignWidths
Wed 13:43: INFO    : Running manager compiler graph-pass: InsertPullPushAdapter
Wed 13:43: INFO    : Running manager compiler graph-pass: AssignClocks
Wed 13:43: INFO    : Running manager compiler graph-pass: AssignWidths
Wed 13:43: INFO    : Running manager compiler graph-pass: InsertStreamFifos
Wed 13:43: INFO    : Running manager compiler graph-pass: AssignClocks
Wed 13:43: INFO    : Running manager compiler graph-pass: AssignWidths
Wed 13:43: INFO    : Running manager compiler graph-pass: InsertStreamStatus
Wed 13:43: INFO    : Running manager compiler graph-pass: InsertChipscope
Wed 13:43: INFO    : Inserted 0 chipscope manager nodes.
Wed 13:43: INFO    : Running manager compiler graph-pass: AssignClocks
Wed 13:43: INFO    : Running manager compiler graph-pass: AssignWidths
Wed 13:43: INFO    : Running manager compiler graph-pass: ReportClockAssignments
Wed 13:43: INFO    : Running manager compiler graph-pass: BuildSoftwareSim
Wed 13:43: INFO    : Running kernel graph-pass 'MarkConstantPass'.
Wed 13:43: INFO    : Graph-pass 'MarkConstantPass' took 256.081 µs (1 iterations)
Wed 13:43: INFO    : Running kernel graph-pass 'MaxConstantLatency'.
Wed 13:43: INFO    : Graph-pass 'MaxConstantLatency' took 357.138 µs (1 iterations)
Wed 13:43: INFO    : Running kernel graph-pass 'SimCodeGraphPass'.
Wed 13:43: INFO    : Graph-pass 'SimCodeGraphPass' took 27.1478 ms (1 iterations)
Wed 13:43: INFO    : Writing current graph to: WavePropagation-WavePropagationKernel-final-simulation.pxg
Wed 13:43: INFO    : Running kernel graph-pass 'GeneratePXG'.
Wed 13:43: INFO    : Graph-pass 'GeneratePXG' took 48.0954 ms (1 iterations)
Wed 13:43: INFO    : Mapped register report:
Wed 13:43: INFO    : 	0	WavePropagationKernel.dtdx2	4bytes
Wed 13:43: INFO    : 	4	WavePropagationKernel.io_velocity_force_disabled	1bytes
Wed 13:43: INFO    : 	5	WavePropagationKernel.io_absorb_force_disabled	1bytes
Wed 13:43: INFO    : 	6	WavePropagationKernel.io_prev_force_disabled	1bytes
Wed 13:43: INFO    : 	7	WavePropagationKernel.io_density_force_disabled	1bytes
Wed 13:43: INFO    : 	8	WavePropagationKernel.io_curr_force_disabled	1bytes
Wed 13:43: INFO    : 	9	WavePropagationKernel.io_nxt_force_disabled	1bytes
Wed 13:43: INFO    : 	a	WavePropagationKernel.run_cycle_count	6bytes
Wed 13:43: INFO    : 	10	WavePropagationKernel.eval_stream_offset_0	3bytes
Wed 13:43: INFO    : 	13	WavePropagationKernel.delay_eq_0	2bytes
Wed 13:43: INFO    : 	15	WavePropagationKernel.delay_eq_1	2bytes
Wed 13:43: INFO    : 	17	WavePropagationKernel.delay_eq_2	2bytes
Wed 13:43: INFO    : 	19	WavePropagationKernel.delay_eq_3	2bytes
Wed 13:43: INFO    : 	1b	WavePropagationKernel.delay_eq_4	2bytes
Wed 13:43: INFO    : 	1d	WavePropagationKernel.delay_eq_5	2bytes
Wed 13:43: INFO    : 	1f	WavePropagationKernel.delay_eq_6	2bytes
Wed 13:43: INFO    : 	21	WavePropagationKernel.delay_eq_7	2bytes
Wed 13:43: INFO    : 	23	WavePropagationKernel.delay_eq_8	2bytes
Wed 13:43: INFO    : 	25	WavePropagationKernel.delay_eq_9	2bytes
Wed 13:43: INFO    : 	27	WavePropagationKernel.delay_eq_10	2bytes
Wed 13:43: INFO    : 	29	WavePropagationKernel.delay_eq_11	2bytes
Wed 13:43: INFO    : 	2b	WavePropagationKernel.delay_eq_12	2bytes
Wed 13:43: INFO    : 	2d	WavePropagationKernel.delay_eq_13	2bytes
Wed 13:43: INFO    : 	2f	WavePropagationKernel.delay_eq_14	2bytes
Wed 13:43: INFO    : 	31	WavePropagationKernel.delay_eq_15	2bytes
Wed 13:43: INFO    : 	33	WavePropagationKernel.delay_eq_16	2bytes
Wed 13:43: INFO    : 	35	WavePropagationKernel.delay_eq_17	2bytes
Wed 13:43: INFO    : 	37	WavePropagationKernel.delay_eq_18	2bytes
Wed 13:43: INFO    : 	39	WavePropagationKernel.delay_eq_19	2bytes
Wed 13:43: INFO    : 	3b	WavePropagationKernel.delay_eq_20	2bytes
Wed 13:43: INFO    : 	3d	WavePropagationKernel.delay_eq_21	2bytes
Wed 13:43: INFO    : 	3f	WavePropagationKernel.delay_eq_22	2bytes
Wed 13:43: INFO    : 	41	WavePropagationKernel.delay_eq_23	2bytes
Wed 13:43: INFO    : 	43	WavePropagationKernel.delay_eq_24	2bytes
Wed 13:43: INFO    : 	45	WavePropagationKernel.delay_eq_25	2bytes
Wed 13:43: INFO    : 	47	WavePropagationKernel.delay_eq_26	2bytes
Wed 13:43: INFO    : 	49	WavePropagationKernel.delay_eq_27	2bytes
Wed 13:43: INFO    : 	4b	WavePropagationKernel.delay_eq_28	2bytes
Wed 13:43: INFO    : 	4d	WavePropagationKernel.delay_eq_29	2bytes
Wed 13:43: INFO    : 	4f	WavePropagationKernel.delay_eq_30	2bytes
Wed 13:43: INFO    : 	51	WavePropagationKernel.delay_eq_31	2bytes
Wed 13:43: INFO    : 	53	WavePropagationKernel.delay_eq_32	2bytes
Wed 13:43: INFO    : 	55	WavePropagationKernel.delay_eq_33	2bytes
Wed 13:43: INFO    : 	57	WavePropagationKernel.delay_eq_34	2bytes
Wed 13:43: INFO    : 	59	WavePropagationKernel.delay_eq_35	2bytes
Wed 13:43: INFO    : 	5b	WavePropagationKernel.delay_eq_36	2bytes
Wed 13:43: INFO    : 	5d	WavePropagationKernel.delay_eq_37	2bytes
Wed 13:43: INFO    : 	5f	WavePropagationKernel.delay_eq_38	2bytes
Wed 13:43: INFO    : 	61	WavePropagationKernel.ce_delay_eq_0	3bytes
Wed 13:43: INFO    : 	64	WavePropagationKernel.ce_delay_eq_1	3bytes
Wed 13:43: INFO    : 	67	WavePropagationKernel.ce_delay_eq_2	3bytes
Wed 13:43: INFO    : 	6a	WavePropagationKernel.ce_delay_eq_3	3bytes
Wed 13:43: INFO    : 	6d	WavePropagationKernel.ce_delay_eq_4	3bytes
Wed 13:43: INFO    : 	70	WavePropagationKernel.ce_delay_eq_5	3bytes
Wed 13:43: INFO    : 	73	WavePropagationKernel.ce_delay_eq_6	3bytes
Wed 13:43: INFO    : 	76	WavePropagationKernel.ce_delay_eq_7	3bytes
Wed 13:43: INFO    : 	79	WavePropagationKernel.ce_delay_eq_8	3bytes
Wed 13:43: INFO    : 	7c	WavePropagationKernel.ce_delay_eq_9	3bytes
Wed 13:43: INFO    : 	7f	WavePropagationKernel.ce_delay_eq_10	3bytes
Wed 13:43: INFO    : 	82	WavePropagationKernel.ce_delay_eq_11	3bytes
Wed 13:43: INFO    : 	85	WavePropagationKernel.current_run_cycle_count	6bytes
Wed 13:43: INFO    : 	8b	WavePropagationKernel.dbg_ctld_almost_empty	1bytes
Wed 13:43: INFO    : 	8c	WavePropagationKernel.dbg_ctld_done	1bytes
Wed 13:43: INFO    : 	8d	WavePropagationKernel.dbg_ctld_empty	1bytes
Wed 13:43: INFO    : 	8e	WavePropagationKernel.dbg_ctld_read	1bytes
Wed 13:43: INFO    : 	8f	WavePropagationKernel.dbg_ctld_read_pipe_dbg	2bytes
Wed 13:43: INFO    : 	91	WavePropagationKernel.dbg_ctld_request	1bytes
Wed 13:43: INFO    : 	92	WavePropagationKernel.dbg_done_out	1bytes
Wed 13:43: INFO    : 	93	WavePropagationKernel.dbg_fill_level	3bytes
Wed 13:43: INFO    : 	96	WavePropagationKernel.dbg_flush_level	3bytes
Wed 13:43: INFO    : 	99	WavePropagationKernel.dbg_flush_start	1bytes
Wed 13:43: INFO    : 	9a	WavePropagationKernel.dbg_flush_start_level	3bytes
Wed 13:43: INFO    : 	9d	WavePropagationKernel.dbg_flushing	1bytes
Wed 13:43: INFO    : 	9e	WavePropagationKernel.dbg_full_level	3bytes
Wed 13:43: INFO    : 	a1	WavePropagationKernel.dbg_out_stall	1bytes
Wed 13:43: INFO    : 	a2	WavePropagationKernel.dbg_out_valid	1bytes
Wed 13:43: INFO    : 	a3	WavePropagationKernel.dbg_stall_vector	1bytes
Wed 13:43: INFO    : 	a4	ifpga.ifpga_ctrl	1bytes
Wed 13:43: INFO    : 	a5	SignalForwardingAdapter.SFA_FORWARD_EN	4bytes
Wed 13:43: INFO    : Mapped register chain length = 169
Wed 13:43: INFO    : Mapped register efficiency = 0.85 (1155 / 1352 bits)
Wed 13:43: INFO    : Mapped memory report:
Wed 13:43: INFO    : 	No mapped memories in this design.
Wed 13:43: INFO    : Running manager compiler graph-pass: GenerateMXGInfo
Wed 13:43: INFO    : Running manager compiler graph-pass: GenerateSlicHostCode
Wed 13:43: INFO    : Generating SLIC interface information
Wed 13:43: INFO    : Generating SLIC code for interface 'default'
Wed 13:43: INFO    : Skipping blacklisted scalar parameter 'WavePropagationKernel.current_run_cycle_count'
Wed 13:43: INFO    : Interface 'default' depends on parameter 'dtdx2'
Wed 13:43: INFO    : Interface 'default' depends on parameter 'nx'
Wed 13:43: INFO    : Interface 'default' depends on parameter 'nz'
Wed 13:43: INFO    : Generating XML description for Maxfile
Wed 13:43: INFO    : Generating XML description for mode 'default'
Wed 13:43: INFO    : Skipping blacklisted scalar parameter 'WavePropagationKernel.current_run_cycle_count'
Wed 13:43: INFO    : Interface 'default' depends on parameter 'dtdx2'
Wed 13:43: INFO    : Interface 'default' depends on parameter 'nx'
Wed 13:43: INFO    : Interface 'default' depends on parameter 'nz'
Wed 13:43: INFO    : Adding SLIC sections to the maxfile
Wed 13:43: INFO    : Adding user files to the maxfile
Wed 13:43: INFO    : Generating SLIC include file
Wed 13:43: INFO    : Done generating SLIC interface information
Wed 13:43: PROGRESS: Running back-end simulation build (3 phases)
Wed 13:43: PROGRESS: (1/3) - Prepare MaxFile Data (GenerateMaxFileDataFile)
Wed 13:43: INFO    : Build pass 'GenerateMaxFileDataFile' took 45.7854 ms.
Wed 13:43: PROGRESS: (2/3) - Compile Simulation Modules (SimCompilePass)
Wed 13:43: INFO    : Running command: make -f $MAXCOMPILERDIR/lib/maxeleros-sim/simulator/Makefile -j4
Wed 13:43: INFO    : Checking for file hash changes...
Wed 13:43: INFO    : Hash changed for file: 'tmp_resource_dump/WavePropagationKernel_exec0.cpp'
Wed 13:43: INFO    : Hash changed for file: '../../MaxCompilerDesignData.dat'
Wed 13:43: INFO    : Hash changed for file: 'tmp_resource_dump/WavePropagationKernel.cpp'
Wed 13:43: INFO    : Hash changed for file: 'tmp_resource_dump/WavePropagationKernel.h'
Wed 13:43: INFO    : Hash changed for file: 'tmp_resource_dump/WavePropagationKernel_Templates.cpp'
Wed 13:43: INFO    : rm -f objdir/max_msi.o
Wed 13:43: INFO    : echo "Building bitstream for DFE_SIM"
Wed 13:43: INFO    : Building bitstream for DFE_SIM
Wed 13:43: INFO    : /opt/maxeler/maxcompiler/lib/clang/bin/start.sh clang++ -c -MMD -MT objdir/max_msi.o -MF objdir/max_msi.d -std=c++11 -fPIC -B/opt/maxeler/maxcompiler/lib/gcc -D__USE_XOPEN2K8 -O3 -Wno-format  -I. -I/opt/maxeler/maxcompiler/lib/maxeleros-sim/include -I/opt/maxeler/maxcompiler/lib/maxeleros-sim/simulator/include -I/opt/maxeler/maxcompiler/lib/maxeleros-sim/simulator/api -I/opt/maxeler/maxcompiler/lib/lwip_sim -I/opt/maxeler/maxcompiler/lib/lwip_sim/include -I/opt/maxeler/maxcompiler/lib/lwip_sim/include/arch -I/opt/maxeler/maxcompiler/lib/lwip_sim/include/ipv4  -DHAVE_KERNELS -DMAXFILE_INC="../../MaxCompilerDesignData.dat" -g0  -DSLIC_NO_DECLARATIONS   -o objdir/max_msi.o /opt/maxeler/maxcompiler/lib/maxeleros-sim/simulator/targets/DFE_SIM/max_msi.cpp
Wed 13:43: INFO    : /opt/maxeler/maxcompiler/lib/clang/bin/start.sh clang++ -c -MMD -MT objdir/WavePropagationKernel_exec0.O2.o -MF objdir/WavePropagationKernel_exec0.O2.d -std=c++11 -fPIC -B/opt/maxeler/maxcompiler/lib/gcc -D__USE_XOPEN2K8 -O3 -Wno-format  -I. -I/opt/maxeler/maxcompiler/lib/maxeleros-sim/include -I/opt/maxeler/maxcompiler/lib/maxeleros-sim/simulator/include -I/opt/maxeler/maxcompiler/lib/maxeleros-sim/simulator/api -I/opt/maxeler/maxcompiler/lib/lwip_sim -I/opt/maxeler/maxcompiler/lib/lwip_sim/include -I/opt/maxeler/maxcompiler/lib/lwip_sim/include/arch -I/opt/maxeler/maxcompiler/lib/lwip_sim/include/ipv4  -DHAVE_KERNELS -DMAXFILE_INC="../../MaxCompilerDesignData.dat" -g0  -DSLIC_NO_DECLARATIONS   -O2 -DOPTIMIZATION_LEVEL=2 -o objdir/WavePropagationKernel_exec0.O2.o WavePropagationKernel_exec0.cpp
Wed 13:43: INFO    : /opt/maxeler/maxcompiler/lib/clang/bin/start.sh clang++ -c -MMD -MT objdir/WavePropagationKernel.O0.o -MF objdir/WavePropagationKernel.O0.d -std=c++11 -fPIC -B/opt/maxeler/maxcompiler/lib/gcc -D__USE_XOPEN2K8 -O3 -Wno-format  -I. -I/opt/maxeler/maxcompiler/lib/maxeleros-sim/include -I/opt/maxeler/maxcompiler/lib/maxeleros-sim/simulator/include -I/opt/maxeler/maxcompiler/lib/maxeleros-sim/simulator/api -I/opt/maxeler/maxcompiler/lib/lwip_sim -I/opt/maxeler/maxcompiler/lib/lwip_sim/include -I/opt/maxeler/maxcompiler/lib/lwip_sim/include/arch -I/opt/maxeler/maxcompiler/lib/lwip_sim/include/ipv4  -DHAVE_KERNELS -DMAXFILE_INC="../../MaxCompilerDesignData.dat" -g0  -DSLIC_NO_DECLARATIONS   -O0 -DOPTIMIZATION_LEVEL=0 -o objdir/WavePropagationKernel.O0.o WavePropagationKernel.cpp
Wed 13:43: INFO    : /opt/maxeler/maxcompiler/lib/clang/bin/start.sh clang++ -c -MMD -MT objdir/WavePropagationKernel_Templates.O2.o -MF objdir/WavePropagationKernel_Templates.O2.d -std=c++11 -fPIC -B/opt/maxeler/maxcompiler/lib/gcc -D__USE_XOPEN2K8 -O3 -Wno-format  -I. -I/opt/maxeler/maxcompiler/lib/maxeleros-sim/include -I/opt/maxeler/maxcompiler/lib/maxeleros-sim/simulator/include -I/opt/maxeler/maxcompiler/lib/maxeleros-sim/simulator/api -I/opt/maxeler/maxcompiler/lib/lwip_sim -I/opt/maxeler/maxcompiler/lib/lwip_sim/include -I/opt/maxeler/maxcompiler/lib/lwip_sim/include/arch -I/opt/maxeler/maxcompiler/lib/lwip_sim/include/ipv4  -DHAVE_KERNELS -DMAXFILE_INC="../../MaxCompilerDesignData.dat" -g0  -DSLIC_NO_DECLARATIONS   -O2 -DOPTIMIZATION_LEVEL=2 -o objdir/WavePropagationKernel_Templates.O2.o WavePropagationKernel_Templates.cpp
Wed 13:43: INFO    : /opt/maxeler/maxcompiler/lib/clang/bin/start.sh clang++ -fPIC -shared -B/opt/maxeler/maxcompiler/lib/gcc -lrt /opt/maxeler/maxcompiler/lib/lwip_sim/lib/liblwip.a /opt/maxeler/maxcompiler/lib/maxeleros-sim/lib/simsystem.so -pthread -O2 -s  -o WavePropagation.so objdir/WavePropagationKernel_exec0.O2.o objdir/WavePropagationKernel.O0.o objdir/WavePropagationKernel_Templates.O2.o objdir/max_msi.o 
Wed 13:43: INFO    : Build pass 'SimCompilePass' took 5.99867 s.
Wed 13:43: PROGRESS: (3/3) - Generate MaxFile (AddSimObjectToMaxFilePass)
Wed 13:43: INFO    : Build pass 'AddSimObjectToMaxFilePass' took 99.3146 ms.
Wed 13:43: INFO    : Final result files after build: 
Wed 13:43: INFO    : Running command: ln -sf "../scratch/WavePropagation-WavePropagationKernel-original.pxg"
Wed 13:43: INFO    : WavePropagation-WavePropagationKernel-original.pxg (BuildFilePXG)
Wed 13:43: INFO    : Running command: ln -sf "../scratch/WavePropagationKernel_Configuration.txt"
Wed 13:43: INFO    : WavePropagationKernel_Configuration.txt (BuildFile)
Wed 13:43: INFO    : Running command: ln -sf "../scratch/WavePropagationKernel_NodeDiary.txt"
Wed 13:43: INFO    : WavePropagationKernel_NodeDiary.txt (BuildFile)
Wed 13:43: INFO    : Running command: ln -sf "../scratch/WavePropagation-WavePropagationKernel-final-simulation.pxg"
Wed 13:43: INFO    : WavePropagation-WavePropagationKernel-final-simulation.pxg (BuildFilePXG)
Wed 13:43: INFO    : Running command: ln -sf "../scratch/WavePropagation.xml"
Wed 13:43: INFO    : WavePropagation.xml (BuildFile)
Wed 13:43: INFO    : Running command: ln -sf "../scratch/WavePropagation.h"
Wed 13:43: INFO    : WavePropagation.h (BuildFileSlicH)
Wed 13:43: INFO    : Running command: ln -sf "../scratch/WavePropagation.max"
Wed 13:43: INFO    : WavePropagation.max (BuildFileMaxFile)
Wed 13:43: PROGRESS: MaxFile: /home/maxeler/wave_propagation/wave-propagation-DFE/builds/WavePropagation/WavePropagation_MAX5C_DFE_SIM/results/WavePropagation.max (MD5Sum: 706a88d18e5890a769c1263cdcaee7f5)
Wed 13:43: INFO    : Waiting for any outstanding jobs to finish... 
Wed 13:43: PROGRESS: Build completed: Wed Jul 29 13:43:51 UTC 2020 (took 8 secs)
